# JRE version: Java(TM) SE Runtime Environment (8.0_45-b15) (build 1.8.0_45-b15)
# Java VM: Java HotSpot(TM) 64-Bit Server VM (25.45-b02 mixed mode windows-amd64 compressed oops)
Heap:
 PSYoungGen      total 499200K, used 2519K [0x0000000781800000, 0x00000007bad80000, 0x00000007c0000000)
  eden space 251904K, 1% used [0x0000000781800000,0x0000000781a75cd8,0x0000000790e00000)
  from space 247296K, 0% used [0x0000000790e00000,0x0000000790e00000,0x000000079ff80000)
  to   space 323072K, 0% used [0x00000007a7200000,0x00000007a7200000,0x00000007bad80000)
 ParOldGen       total 320512K, used 6971K [0x0000000704800000, 0x0000000718100000, 0x0000000781800000)
  object space 320512K, 2% used [0x0000000704800000,0x0000000704ecec10,0x0000000718100000)
 Metaspace       used 17496K, capacity 17790K, committed 18048K, reserved 1064960K
  class space    used 2016K, capacity 2131K, committed 2176K, reserved 1048576K
GC Heap History (10 events):
Event: 6.660 GC heap before
{Heap before GC invocations=8 (full 2):
 PSYoungGen      total 202240K, used 194560K [0x0000000781800000, 0x00000007a1c00000, 0x00000007c0000000)
  eden space 194560K, 100% used [0x0000000781800000,0x000000078d600000,0x000000078d600000)
  from space 7680K, 0% used [0x000000078d600000,0x000000078d600000,0x000000078dd80000)
  to   space 120832K, 0% used [0x000000079a600000,0x000000079a600000,0x00000007a1c00000)
 ParOldGen       total 469504K, used 220705K [0x0000000704800000, 0x0000000721280000, 0x0000000781800000)
  object space 469504K, 47% used [0x0000000704800000,0x0000000711f88738,0x0000000721280000)
 Metaspace       used 15541K, capacity 15782K, committed 16000K, reserved 1062912K
  class space    used 1715K, capacity 1807K, committed 1920K, reserved 1048576K
Event: 6.727 GC heap after
Heap after GC invocations=8 (full 2):
 PSYoungGen      total 314368K, used 78272K [0x0000000781800000, 0x000000079f300000, 0x00000007c0000000)
  eden space 235520K, 0% used [0x0000000781800000,0x0000000781800000,0x000000078fe00000)
  from space 78848K, 99% used [0x000000079a600000,0x000000079f2702f0,0x000000079f300000)
  to   space 125440K, 0% used [0x000000078fe00000,0x000000078fe00000,0x0000000797880000)
 ParOldGen       total 469504K, used 220713K [0x0000000704800000, 0x0000000721280000, 0x0000000781800000)
  object space 469504K, 47% used [0x0000000704800000,0x0000000711f8a738,0x0000000721280000)
 Metaspace       used 15541K, capacity 15782K, committed 16000K, reserved 1062912K
  class space    used 1715K, capacity 1807K, committed 1920K, reserved 1048576K
}
Event: 7.469 GC heap before
{Heap before GC invocations=9 (full 2):
 PSYoungGen      total 314368K, used 313792K [0x0000000781800000, 0x000000079f300000, 0x00000007c0000000)
  eden space 235520K, 100% used [0x0000000781800000,0x000000078fe00000,0x000000078fe00000)
  from space 78848K, 99% used [0x000000079a600000,0x000000079f2702f0,0x000000079f300000)
  to   space 125440K, 0% used [0x000000078fe00000,0x000000078fe00000,0x0000000797880000)
 ParOldGen       total 469504K, used 220713K [0x0000000704800000, 0x0000000721280000, 0x0000000781800000)
  object space 469504K, 47% used [0x0000000704800000,0x0000000711f8a738,0x0000000721280000)
 Metaspace       used 15555K, capacity 15782K, committed 16000K, reserved 1062912K
  class space    used 1715K, capacity 1807K, committed 1920K, reserved 1048576K
Event: 7.639 GC heap after
Heap after GC invocations=9 (full 2):
 PSYoungGen      total 360960K, used 125428K [0x0000000781800000, 0x00000007abe80000, 0x00000007c0000000)
  eden space 235520K, 0% used [0x0000000781800000,0x0000000781800000,0x000000078fe00000)
  from space 125440K, 99% used [0x000000078fe00000,0x000000079787d1e8,0x0000000797880000)
  to   space 195584K, 0% used [0x000000079ff80000,0x000000079ff80000,0x00000007abe80000)
 ParOldGen       total 469504K, used 308998K [0x0000000704800000, 0x0000000721280000, 0x0000000781800000)
  object space 469504K, 65% used [0x0000000704800000,0x00000007175c19e8,0x0000000721280000)
 Metaspace       used 15555K, capacity 15782K, committed 16000K, reserved 1062912K
  class space    used 1715K, capacity 1807K, committed 1920K, reserved 1048576K
}
Event: 8.419 GC heap before
{Heap before GC invocations=10 (full 2):
 PSYoungGen      total 360960K, used 360948K [0x0000000781800000, 0x00000007abe80000, 0x00000007c0000000)
  eden space 235520K, 100% used [0x0000000781800000,0x000000078fe00000,0x000000078fe00000)
  from space 125440K, 99% used [0x000000078fe00000,0x000000079787d1e8,0x0000000797880000)
  to   space 195584K, 0% used [0x000000079ff80000,0x000000079ff80000,0x00000007abe80000)
 ParOldGen       total 469504K, used 308998K [0x0000000704800000, 0x0000000721280000, 0x0000000781800000)
  object space 469504K, 65% used [0x0000000704800000,0x00000007175c19e8,0x0000000721280000)
 Metaspace       used 15634K, capacity 15910K, committed 16256K, reserved 1062912K
  class space    used 1715K, capacity 1807K, committed 1920K, reserved 1048576K
Event: 8.580 GC heap after
Heap after GC invocations=10 (full 2):
 PSYoungGen      total 447488K, used 195562K [0x0000000781800000, 0x00000007b2d00000, 0x00000007c0000000)
  eden space 251904K, 0% used [0x0000000781800000,0x0000000781800000,0x0000000790e00000)
  from space 195584K, 99% used [0x000000079ff80000,0x00000007abe7a9d0,0x00000007abe80000)
  to   space 247296K, 0% used [0x0000000790e00000,0x0000000790e00000,0x000000079ff80000)
 ParOldGen       total 469504K, used 341542K [0x0000000704800000, 0x0000000721280000, 0x0000000781800000)
  object space 469504K, 72% used [0x0000000704800000,0x0000000719589b18,0x0000000721280000)
 Metaspace       used 15634K, capacity 15910K, committed 16256K, reserved 1062912K
  class space    used 1715K, capacity 1807K, committed 1920K, reserved 1048576K
}
Event: 979.465 GC heap before
{Heap before GC invocations=11 (full 2):
 PSYoungGen      total 447488K, used 447466K [0x0000000781800000, 0x00000007b2d00000, 0x00000007c0000000)
  eden space 251904K, 100% used [0x0000000781800000,0x0000000790e00000,0x0000000790e00000)
  from space 195584K, 99% used [0x000000079ff80000,0x00000007abe7a9d0,0x00000007abe80000)
  to   space 247296K, 0% used [0x0000000790e00000,0x0000000790e00000,0x000000079ff80000)
 ParOldGen       total 469504K, used 341542K [0x0000000704800000, 0x0000000721280000, 0x0000000781800000)
  object space 469504K, 72% used [0x0000000704800000,0x0000000719589b18,0x0000000721280000)
 Metaspace       used 17423K, capacity 17662K, committed 17792K, reserved 1064960K
  class space    used 2016K, capacity 2131K, committed 2176K, reserved 1048576K
Event: 980.215 GC heap after
Heap after GC invocations=11 (full 2):
 PSYoungGen      total 499200K, used 247272K [0x0000000781800000, 0x00000007bad80000, 0x00000007c0000000)
  eden space 251904K, 0% used [0x0000000781800000,0x0000000781800000,0x0000000790e00000)
  from space 247296K, 99% used [0x0000000790e00000,0x000000079ff7a2e0,0x000000079ff80000)
  to   space 323072K, 0% used [0x00000007a7200000,0x00000007a7200000,0x00000007bad80000)
 ParOldGen       total 469504K, used 418219K [0x0000000704800000, 0x0000000721280000, 0x0000000781800000)
  object space 469504K, 89% used [0x0000000704800000,0x000000071e06ae80,0x0000000721280000)
 Metaspace       used 17423K, capacity 17662K, committed 17792K, reserved 1064960K
  class space    used 2016K, capacity 2131K, committed 2176K, reserved 1048576K
}
Event: 980.215 GC heap before
{Heap before GC invocations=12 (full 3):
 PSYoungGen      total 499200K, used 247272K [0x0000000781800000, 0x00000007bad80000, 0x00000007c0000000)
  eden space 251904K, 0% used [0x0000000781800000,0x0000000781800000,0x0000000790e00000)
  from space 247296K, 99% used [0x0000000790e00000,0x000000079ff7a2e0,0x000000079ff80000)
  to   space 323072K, 0% used [0x00000007a7200000,0x00000007a7200000,0x00000007bad80000)
 ParOldGen       total 469504K, used 418219K [0x0000000704800000, 0x0000000721280000, 0x0000000781800000)
  object space 469504K, 89% used [0x0000000704800000,0x000000071e06ae80,0x0000000721280000)
 Metaspace       used 17423K, capacity 17662K, committed 17792K, reserved 1064960K
  class space    used 2016K, capacity 2131K, committed 2176K, reserved 1048576K
Event: 980.302 GC heap after
Heap after GC invocations=12 (full 3):
 PSYoungGen      total 499200K, used 0K [0x0000000781800000, 0x00000007bad80000, 0x00000007c0000000)
  eden space 251904K, 0% used [0x0000000781800000,0x0000000781800000,0x0000000790e00000)
  from space 247296K, 0% used [0x0000000790e00000,0x0000000790e00000,0x000000079ff80000)
  to   space 323072K, 0% used [0x00000007a7200000,0x00000007a7200000,0x00000007bad80000)
 ParOldGen       total 320512K, used 6971K [0x0000000704800000, 0x0000000718100000, 0x0000000781800000)
  object space 320512K, 2% used [0x0000000704800000,0x0000000704ecec10,0x0000000718100000)
 Metaspace       used 17423K, capacity 17662K, committed 17792K, reserved 1064960K
  class space    used 2016K, capacity 2131K, committed 2176K, reserved 1048576K
}

